2022-11-15 00:05:43.135  INFO 16748 --- [SpringApplicationShutdownHook] j.LocalContainerEntityManagerFactoryBean : Closing JPA EntityManagerFactory for persistence unit 'default'
2022-11-15 00:05:43.146  INFO 16748 --- [SpringApplicationShutdownHook] com.zaxxer.hikari.HikariDataSource       : HikariPool-1 - Shutdown initiated...
2022-11-15 00:05:43.168  INFO 16748 --- [SpringApplicationShutdownHook] com.zaxxer.hikari.HikariDataSource       : HikariPool-1 - Shutdown completed.
2022-11-15 11:14:09.267  INFO 6816 --- [restartedMain] com.student.ust.UstApplication           : Starting UstApplication using Java 1.8.0_241 on ustfsd43 with PID 6816 (C:\Users\ustjavafsdb206\Ust_Test\ust\target\classes started by ustjavafsdb206 in C:\Users\ustjavafsdb206\Ust_Test\ust)
2022-11-15 11:14:09.269 DEBUG 6816 --- [restartedMain] com.student.ust.UstApplication           : Running with Spring Boot v2.7.5, Spring v5.3.23
2022-11-15 11:14:09.270  INFO 6816 --- [restartedMain] com.student.ust.UstApplication           : The following 1 profile is active: "dev"
2022-11-15 11:14:09.344  INFO 6816 --- [restartedMain] .e.DevToolsPropertyDefaultsPostProcessor : Devtools property defaults active! Set 'spring.devtools.add-properties' to 'false' to disable
2022-11-15 11:14:09.345  INFO 6816 --- [restartedMain] .e.DevToolsPropertyDefaultsPostProcessor : For additional web related logging consider setting the 'logging.level.web' property to 'DEBUG'
2022-11-15 11:14:11.053  INFO 6816 --- [restartedMain] .s.d.r.c.RepositoryConfigurationDelegate : Bootstrapping Spring Data JPA repositories in DEFAULT mode.
2022-11-15 11:14:11.167  INFO 6816 --- [restartedMain] .s.d.r.c.RepositoryConfigurationDelegate : Finished Spring Data repository scanning in 94 ms. Found 2 JPA repository interfaces.
2022-11-15 11:14:12.723  INFO 6816 --- [restartedMain] o.s.b.w.embedded.tomcat.TomcatWebServer  : Tomcat initialized with port(s): 8080 (http)
2022-11-15 11:14:12.769  INFO 6816 --- [restartedMain] o.apache.catalina.core.StandardService   : Starting service [Tomcat]
2022-11-15 11:14:12.769  INFO 6816 --- [restartedMain] org.apache.catalina.core.StandardEngine  : Starting Servlet engine: [Apache Tomcat/9.0.68]
2022-11-15 11:14:13.085  INFO 6816 --- [restartedMain] o.a.c.c.C.[Tomcat].[localhost].[/]       : Initializing Spring embedded WebApplicationContext
2022-11-15 11:14:13.101  INFO 6816 --- [restartedMain] w.s.c.ServletWebServerApplicationContext : Root WebApplicationContext: initialization completed in 3748 ms
2022-11-15 11:14:13.624  INFO 6816 --- [restartedMain] o.hibernate.jpa.internal.util.LogHelper  : HHH000204: Processing PersistenceUnitInfo [name: default]
2022-11-15 11:14:13.766  INFO 6816 --- [restartedMain] org.hibernate.Version                    : HHH000412: Hibernate ORM core version 5.6.12.Final
2022-11-15 11:14:14.141  INFO 6816 --- [restartedMain] o.hibernate.annotations.common.Version   : HCANN000001: Hibernate Commons Annotations {5.1.2.Final}
2022-11-15 11:14:14.375  INFO 6816 --- [restartedMain] com.zaxxer.hikari.HikariDataSource       : HikariPool-1 - Starting...
2022-11-15 11:14:15.202  INFO 6816 --- [restartedMain] com.zaxxer.hikari.HikariDataSource       : HikariPool-1 - Start completed.
2022-11-15 11:14:15.249  INFO 6816 --- [restartedMain] org.hibernate.dialect.Dialect            : HHH000400: Using dialect: org.hibernate.dialect.MySQL55Dialect
2022-11-15 11:14:16.678 DEBUG 6816 --- [restartedMain] org.hibernate.SQL                        : alter table book_mappedby add constraint FKb3fuv8kxhh1hangv9vrwhogh5 foreign key (student_id) references student_mappedby (studentid)
2022-11-15 11:14:16.756  INFO 6816 --- [restartedMain] o.h.e.t.j.p.i.JtaPlatformInitiator       : HHH000490: Using JtaPlatform implementation: [org.hibernate.engine.transaction.jta.platform.internal.NoJtaPlatform]
2022-11-15 11:14:16.788  INFO 6816 --- [restartedMain] j.LocalContainerEntityManagerFactoryBean : Initialized JPA EntityManagerFactory for persistence unit 'default'
2022-11-15 11:14:18.246  WARN 6816 --- [restartedMain] JpaBaseConfiguration$JpaWebConfiguration : spring.jpa.open-in-view is enabled by default. Therefore, database queries may be performed during view rendering. Explicitly configure spring.jpa.open-in-view to disable this warning
2022-11-15 11:14:18.485  INFO 6816 --- [restartedMain] pertySourcedRequestMappingHandlerMapping : Mapped URL path [/v2/api-docs] onto method [springfox.documentation.swagger2.web.Swagger2Controller#getDocumentation(String, HttpServletRequest)]
2022-11-15 11:14:18.660  INFO 6816 --- [restartedMain] o.s.b.d.a.OptionalLiveReloadServer       : LiveReload server is running on port 35729
2022-11-15 11:14:20.015  INFO 6816 --- [restartedMain] o.s.b.w.embedded.tomcat.TomcatWebServer  : Tomcat started on port(s): 8080 (http) with context path ''
2022-11-15 11:14:20.031  INFO 6816 --- [restartedMain] d.s.w.p.DocumentationPluginsBootstrapper : Context refreshed
2022-11-15 11:14:20.046  INFO 6816 --- [restartedMain] d.s.w.p.DocumentationPluginsBootstrapper : Found 1 custom documentation plugin(s)
2022-11-15 11:14:20.108  INFO 6816 --- [restartedMain] s.d.s.w.s.ApiListingReferenceScanner     : Scanning for api listing references
2022-11-15 11:14:20.326  INFO 6816 --- [restartedMain] .d.s.w.r.o.CachingOperationNameGenerator : Generating unique operation named: addUsingPOST_1
2022-11-15 11:14:20.326  INFO 6816 --- [restartedMain] .d.s.w.r.o.CachingOperationNameGenerator : Generating unique operation named: getUsingGET_1
2022-11-15 11:14:20.342  INFO 6816 --- [restartedMain] .d.s.w.r.o.CachingOperationNameGenerator : Generating unique operation named: getAllUsingGET_1
2022-11-15 11:14:20.342  INFO 6816 --- [restartedMain] .d.s.w.r.o.CachingOperationNameGenerator : Generating unique operation named: removeUsingDELETE_1
2022-11-15 11:14:20.380  INFO 6816 --- [restartedMain] com.student.ust.UstApplication           : Started UstApplication in 11.79 seconds (JVM running for 13.374)
2022-11-15 11:14:33.324  INFO 6816 --- [http-nio-8080-exec-1] o.a.c.c.C.[Tomcat].[localhost].[/]       : Initializing Spring DispatcherServlet 'dispatcherServlet'
2022-11-15 11:14:33.325  INFO 6816 --- [http-nio-8080-exec-1] o.s.web.servlet.DispatcherServlet        : Initializing Servlet 'dispatcherServlet'
2022-11-15 11:14:33.326  INFO 6816 --- [http-nio-8080-exec-1] o.s.web.servlet.DispatcherServlet        : Completed initialization in 1 ms
2022-11-15 11:14:33.610 DEBUG 6816 --- [http-nio-8080-exec-1] org.hibernate.SQL                        : select student0_.studentid as studenti1_1_, student0_.age as age2_1_, student0_.create_date as create_d3_1_, student0_.email as email4_1_, student0_.modify_date as modify_d5_1_, student0_.name as name6_1_, student0_.password as password7_1_, student0_.roll_no as roll_no8_1_ from student_mappedby student0_
2022-11-15 11:14:33.622 TRACE 6816 --- [http-nio-8080-exec-1] o.h.type.descriptor.sql.BasicExtractor   : extracted value ([studenti1_1_] : [INTEGER]) - [1]
2022-11-15 11:14:33.630 TRACE 6816 --- [http-nio-8080-exec-1] o.h.type.descriptor.sql.BasicExtractor   : extracted value ([age2_1_] : [INTEGER]) - [26]
2022-11-15 11:14:33.632 TRACE 6816 --- [http-nio-8080-exec-1] o.h.type.descriptor.sql.BasicExtractor   : extracted value ([create_d3_1_] : [TIMESTAMP]) - [2022-11-14T18:13:03]
2022-11-15 11:14:33.632 TRACE 6816 --- [http-nio-8080-exec-1] o.h.type.descriptor.sql.BasicExtractor   : extracted value ([email4_1_] : [VARCHAR]) - [Jibin2@gmail.com]
2022-11-15 11:14:33.633 TRACE 6816 --- [http-nio-8080-exec-1] o.h.type.descriptor.sql.BasicExtractor   : extracted value ([modify_d5_1_] : [TIMESTAMP]) - [2022-11-14T18:13:03]
2022-11-15 11:14:33.633 TRACE 6816 --- [http-nio-8080-exec-1] o.h.type.descriptor.sql.BasicExtractor   : extracted value ([name6_1_] : [VARCHAR]) - [Jibin]
2022-11-15 11:14:33.633 TRACE 6816 --- [http-nio-8080-exec-1] o.h.type.descriptor.sql.BasicExtractor   : extracted value ([password7_1_] : [VARCHAR]) - [7e66a5204d1056b3f133819de213ef3035761a573ef305922d3fbba83781976a]
2022-11-15 11:14:33.633 TRACE 6816 --- [http-nio-8080-exec-1] o.h.type.descriptor.sql.BasicExtractor   : extracted value ([roll_no8_1_] : [INTEGER]) - [212467]
2022-11-15 11:14:33.726 DEBUG 6816 --- [http-nio-8080-exec-1] org.hibernate.SQL                        : select bookset0_.student_id as student_7_0_0_, bookset0_.bookid as bookid1_0_0_, bookset0_.bookid as bookid1_0_1_, bookset0_.book_author_name as book_aut2_0_1_, bookset0_.book_isbn_no as book_isb3_0_1_, bookset0_.book_name as book_nam4_0_1_, bookset0_.create_date as create_d5_0_1_, bookset0_.modify_date as modify_d6_0_1_, bookset0_.student_id as student_7_0_1_ from book_mappedby bookset0_ where bookset0_.student_id=?
2022-11-15 11:14:33.728 TRACE 6816 --- [http-nio-8080-exec-1] o.h.type.descriptor.sql.BasicBinder      : binding parameter [1] as [INTEGER] - [1]
2022-11-15 11:14:44.588 DEBUG 6816 --- [http-nio-8080-exec-3] org.hibernate.SQL                        : select student0_.studentid as studenti1_1_, student0_.age as age2_1_, student0_.create_date as create_d3_1_, student0_.email as email4_1_, student0_.modify_date as modify_d5_1_, student0_.name as name6_1_, student0_.password as password7_1_, student0_.roll_no as roll_no8_1_ from student_mappedby student0_
2022-11-15 11:14:44.590 TRACE 6816 --- [http-nio-8080-exec-3] o.h.type.descriptor.sql.BasicExtractor   : extracted value ([studenti1_1_] : [INTEGER]) - [1]
2022-11-15 11:14:44.590 TRACE 6816 --- [http-nio-8080-exec-3] o.h.type.descriptor.sql.BasicExtractor   : extracted value ([age2_1_] : [INTEGER]) - [26]
2022-11-15 11:14:44.591 TRACE 6816 --- [http-nio-8080-exec-3] o.h.type.descriptor.sql.BasicExtractor   : extracted value ([create_d3_1_] : [TIMESTAMP]) - [2022-11-14T18:13:03]
2022-11-15 11:14:44.591 TRACE 6816 --- [http-nio-8080-exec-3] o.h.type.descriptor.sql.BasicExtractor   : extracted value ([email4_1_] : [VARCHAR]) - [Jibin2@gmail.com]
2022-11-15 11:14:44.592 TRACE 6816 --- [http-nio-8080-exec-3] o.h.type.descriptor.sql.BasicExtractor   : extracted value ([modify_d5_1_] : [TIMESTAMP]) - [2022-11-14T18:13:03]
2022-11-15 11:14:44.592 TRACE 6816 --- [http-nio-8080-exec-3] o.h.type.descriptor.sql.BasicExtractor   : extracted value ([name6_1_] : [VARCHAR]) - [Jibin]
2022-11-15 11:14:44.592 TRACE 6816 --- [http-nio-8080-exec-3] o.h.type.descriptor.sql.BasicExtractor   : extracted value ([password7_1_] : [VARCHAR]) - [7e66a5204d1056b3f133819de213ef3035761a573ef305922d3fbba83781976a]
2022-11-15 11:14:44.592 TRACE 6816 --- [http-nio-8080-exec-3] o.h.type.descriptor.sql.BasicExtractor   : extracted value ([roll_no8_1_] : [INTEGER]) - [212467]
2022-11-15 11:14:44.597 DEBUG 6816 --- [http-nio-8080-exec-3] org.hibernate.SQL                        : select bookset0_.student_id as student_7_0_0_, bookset0_.bookid as bookid1_0_0_, bookset0_.bookid as bookid1_0_1_, bookset0_.book_author_name as book_aut2_0_1_, bookset0_.book_isbn_no as book_isb3_0_1_, bookset0_.book_name as book_nam4_0_1_, bookset0_.create_date as create_d5_0_1_, bookset0_.modify_date as modify_d6_0_1_, bookset0_.student_id as student_7_0_1_ from book_mappedby bookset0_ where bookset0_.student_id=?
2022-11-15 11:14:44.598 TRACE 6816 --- [http-nio-8080-exec-3] o.h.type.descriptor.sql.BasicBinder      : binding parameter [1] as [INTEGER] - [1]
2022-11-15 12:10:37.875  INFO 6816 --- [SpringApplicationShutdownHook] j.LocalContainerEntityManagerFactoryBean : Closing JPA EntityManagerFactory for persistence unit 'default'
2022-11-15 12:10:37.886  INFO 6816 --- [SpringApplicationShutdownHook] com.zaxxer.hikari.HikariDataSource       : HikariPool-1 - Shutdown initiated...
2022-11-15 12:10:37.908  INFO 6816 --- [SpringApplicationShutdownHook] com.zaxxer.hikari.HikariDataSource       : HikariPool-1 - Shutdown completed.
2022-11-15 12:10:47.161  INFO 9032 --- [restartedMain] com.student.ust.UstApplication           : Starting UstApplication using Java 1.8.0_241 on ustfsd43 with PID 9032 (C:\Users\ustjavafsdb206\Ust_Test\ust\target\classes started by ustjavafsdb206 in C:\Users\ustjavafsdb206\Ust_Test\ust)
2022-11-15 12:10:47.163 DEBUG 9032 --- [restartedMain] com.student.ust.UstApplication           : Running with Spring Boot v2.7.5, Spring v5.3.23
2022-11-15 12:10:47.164  INFO 9032 --- [restartedMain] com.student.ust.UstApplication           : The following 1 profile is active: "dev"
2022-11-15 12:10:47.561  INFO 9032 --- [restartedMain] .e.DevToolsPropertyDefaultsPostProcessor : Devtools property defaults active! Set 'spring.devtools.add-properties' to 'false' to disable
2022-11-15 12:10:47.562  INFO 9032 --- [restartedMain] .e.DevToolsPropertyDefaultsPostProcessor : For additional web related logging consider setting the 'logging.level.web' property to 'DEBUG'
2022-11-15 12:10:49.295  INFO 9032 --- [restartedMain] .s.d.r.c.RepositoryConfigurationDelegate : Bootstrapping Spring Data JPA repositories in DEFAULT mode.
2022-11-15 12:10:49.389  INFO 9032 --- [restartedMain] .s.d.r.c.RepositoryConfigurationDelegate : Finished Spring Data repository scanning in 80 ms. Found 2 JPA repository interfaces.
2022-11-15 12:10:50.573  INFO 9032 --- [restartedMain] o.s.b.w.embedded.tomcat.TomcatWebServer  : Tomcat initialized with port(s): 8080 (http)
2022-11-15 12:10:50.593  INFO 9032 --- [restartedMain] o.apache.catalina.core.StandardService   : Starting service [Tomcat]
2022-11-15 12:10:50.594  INFO 9032 --- [restartedMain] org.apache.catalina.core.StandardEngine  : Starting Servlet engine: [Apache Tomcat/9.0.68]
2022-11-15 12:10:50.831  INFO 9032 --- [restartedMain] o.a.c.c.C.[Tomcat].[localhost].[/]       : Initializing Spring embedded WebApplicationContext
2022-11-15 12:10:50.832  INFO 9032 --- [restartedMain] w.s.c.ServletWebServerApplicationContext : Root WebApplicationContext: initialization completed in 3270 ms
2022-11-15 12:10:51.259  INFO 9032 --- [restartedMain] o.hibernate.jpa.internal.util.LogHelper  : HHH000204: Processing PersistenceUnitInfo [name: default]
2022-11-15 12:10:51.355  INFO 9032 --- [restartedMain] org.hibernate.Version                    : HHH000412: Hibernate ORM core version 5.6.12.Final
2022-11-15 12:10:51.649  INFO 9032 --- [restartedMain] o.hibernate.annotations.common.Version   : HCANN000001: Hibernate Commons Annotations {5.1.2.Final}
2022-11-15 12:10:51.829  INFO 9032 --- [restartedMain] com.zaxxer.hikari.HikariDataSource       : HikariPool-1 - Starting...
2022-11-15 12:10:52.559  INFO 9032 --- [restartedMain] com.zaxxer.hikari.HikariDataSource       : HikariPool-1 - Start completed.
2022-11-15 12:10:52.591  INFO 9032 --- [restartedMain] org.hibernate.dialect.Dialect            : HHH000400: Using dialect: org.hibernate.dialect.MySQL55Dialect
2022-11-15 12:10:53.763 DEBUG 9032 --- [restartedMain] org.hibernate.SQL                        : alter table book_mappedby add constraint FKb3fuv8kxhh1hangv9vrwhogh5 foreign key (student_id) references student_mappedby (studentid)
2022-11-15 12:10:53.818  INFO 9032 --- [restartedMain] o.h.e.t.j.p.i.JtaPlatformInitiator       : HHH000490: Using JtaPlatform implementation: [org.hibernate.engine.transaction.jta.platform.internal.NoJtaPlatform]
2022-11-15 12:10:53.830  INFO 9032 --- [restartedMain] j.LocalContainerEntityManagerFactoryBean : Initialized JPA EntityManagerFactory for persistence unit 'default'
2022-11-15 12:10:55.124  WARN 9032 --- [restartedMain] JpaBaseConfiguration$JpaWebConfiguration : spring.jpa.open-in-view is enabled by default. Therefore, database queries may be performed during view rendering. Explicitly configure spring.jpa.open-in-view to disable this warning
2022-11-15 12:10:55.349  INFO 9032 --- [restartedMain] pertySourcedRequestMappingHandlerMapping : Mapped URL path [/v2/api-docs] onto method [springfox.documentation.swagger2.web.Swagger2Controller#getDocumentation(String, HttpServletRequest)]
2022-11-15 12:10:55.526  INFO 9032 --- [restartedMain] o.s.b.d.a.OptionalLiveReloadServer       : LiveReload server is running on port 35729
2022-11-15 12:10:56.871  INFO 9032 --- [restartedMain] o.s.b.w.embedded.tomcat.TomcatWebServer  : Tomcat started on port(s): 8080 (http) with context path ''
2022-11-15 12:10:56.873  INFO 9032 --- [restartedMain] d.s.w.p.DocumentationPluginsBootstrapper : Context refreshed
2022-11-15 12:10:56.899  INFO 9032 --- [restartedMain] d.s.w.p.DocumentationPluginsBootstrapper : Found 1 custom documentation plugin(s)
2022-11-15 12:10:56.969  INFO 9032 --- [restartedMain] s.d.s.w.s.ApiListingReferenceScanner     : Scanning for api listing references
2022-11-15 12:10:57.158  INFO 9032 --- [restartedMain] .d.s.w.r.o.CachingOperationNameGenerator : Generating unique operation named: addUsingPOST_1
2022-11-15 12:10:57.163  INFO 9032 --- [restartedMain] .d.s.w.r.o.CachingOperationNameGenerator : Generating unique operation named: getUsingGET_1
2022-11-15 12:10:57.167  INFO 9032 --- [restartedMain] .d.s.w.r.o.CachingOperationNameGenerator : Generating unique operation named: getAllUsingGET_1
2022-11-15 12:10:57.176  INFO 9032 --- [restartedMain] .d.s.w.r.o.CachingOperationNameGenerator : Generating unique operation named: removeUsingDELETE_1
2022-11-15 12:10:57.205  INFO 9032 --- [restartedMain] com.student.ust.UstApplication           : Started UstApplication in 10.905 seconds (JVM running for 11.903)
2022-11-15 12:11:07.814  INFO 9032 --- [SpringApplicationShutdownHook] j.LocalContainerEntityManagerFactoryBean : Closing JPA EntityManagerFactory for persistence unit 'default'
2022-11-15 12:11:07.821  INFO 9032 --- [SpringApplicationShutdownHook] com.zaxxer.hikari.HikariDataSource       : HikariPool-1 - Shutdown initiated...
2022-11-15 12:11:07.839  INFO 9032 --- [SpringApplicationShutdownHook] com.zaxxer.hikari.HikariDataSource       : HikariPool-1 - Shutdown completed.
2022-11-15 12:11:15.315  INFO 11172 --- [restartedMain] com.student.ust.UstApplication           : Starting UstApplication using Java 1.8.0_241 on ustfsd43 with PID 11172 (C:\Users\ustjavafsdb206\Ust_Test\ust\target\classes started by ustjavafsdb206 in C:\Users\ustjavafsdb206\Ust_Test\ust)
2022-11-15 12:11:15.317 DEBUG 11172 --- [restartedMain] com.student.ust.UstApplication           : Running with Spring Boot v2.7.5, Spring v5.3.23
2022-11-15 12:11:15.317  INFO 11172 --- [restartedMain] com.student.ust.UstApplication           : The following 1 profile is active: "dev"
2022-11-15 12:11:15.401  INFO 11172 --- [restartedMain] .e.DevToolsPropertyDefaultsPostProcessor : Devtools property defaults active! Set 'spring.devtools.add-properties' to 'false' to disable
2022-11-15 12:11:15.401  INFO 11172 --- [restartedMain] .e.DevToolsPropertyDefaultsPostProcessor : For additional web related logging consider setting the 'logging.level.web' property to 'DEBUG'
2022-11-15 12:11:16.821  INFO 11172 --- [restartedMain] .s.d.r.c.RepositoryConfigurationDelegate : Bootstrapping Spring Data JPA repositories in DEFAULT mode.
2022-11-15 12:11:16.905  INFO 11172 --- [restartedMain] .s.d.r.c.RepositoryConfigurationDelegate : Finished Spring Data repository scanning in 71 ms. Found 2 JPA repository interfaces.
2022-11-15 12:11:18.070  INFO 11172 --- [restartedMain] o.s.b.w.embedded.tomcat.TomcatWebServer  : Tomcat initialized with port(s): 8080 (http)
2022-11-15 12:11:18.085  INFO 11172 --- [restartedMain] o.apache.catalina.core.StandardService   : Starting service [Tomcat]
2022-11-15 12:11:18.085  INFO 11172 --- [restartedMain] org.apache.catalina.core.StandardEngine  : Starting Servlet engine: [Apache Tomcat/9.0.68]
2022-11-15 12:11:18.322  INFO 11172 --- [restartedMain] o.a.c.c.C.[Tomcat].[localhost].[/]       : Initializing Spring embedded WebApplicationContext
2022-11-15 12:11:18.322  INFO 11172 --- [restartedMain] w.s.c.ServletWebServerApplicationContext : Root WebApplicationContext: initialization completed in 2920 ms
2022-11-15 12:11:18.759  INFO 11172 --- [restartedMain] o.hibernate.jpa.internal.util.LogHelper  : HHH000204: Processing PersistenceUnitInfo [name: default]
2022-11-15 12:11:18.841  INFO 11172 --- [restartedMain] org.hibernate.Version                    : HHH000412: Hibernate ORM core version 5.6.12.Final
2022-11-15 12:11:19.109  INFO 11172 --- [restartedMain] o.hibernate.annotations.common.Version   : HCANN000001: Hibernate Commons Annotations {5.1.2.Final}
2022-11-15 12:11:19.286  INFO 11172 --- [restartedMain] com.zaxxer.hikari.HikariDataSource       : HikariPool-1 - Starting...
2022-11-15 12:11:20.007  INFO 11172 --- [restartedMain] com.zaxxer.hikari.HikariDataSource       : HikariPool-1 - Start completed.
2022-11-15 12:11:20.037  INFO 11172 --- [restartedMain] org.hibernate.dialect.Dialect            : HHH000400: Using dialect: org.hibernate.dialect.MySQL55Dialect
2022-11-15 12:11:21.220 DEBUG 11172 --- [restartedMain] org.hibernate.SQL                        : alter table book_mappedby add constraint FKb3fuv8kxhh1hangv9vrwhogh5 foreign key (student_id) references student_mappedby (studentid)
2022-11-15 12:11:21.258  INFO 11172 --- [restartedMain] o.h.e.t.j.p.i.JtaPlatformInitiator       : HHH000490: Using JtaPlatform implementation: [org.hibernate.engine.transaction.jta.platform.internal.NoJtaPlatform]
2022-11-15 12:11:21.271  INFO 11172 --- [restartedMain] j.LocalContainerEntityManagerFactoryBean : Initialized JPA EntityManagerFactory for persistence unit 'default'
2022-11-15 12:11:22.533  WARN 11172 --- [restartedMain] JpaBaseConfiguration$JpaWebConfiguration : spring.jpa.open-in-view is enabled by default. Therefore, database queries may be performed during view rendering. Explicitly configure spring.jpa.open-in-view to disable this warning
2022-11-15 12:11:22.761  INFO 11172 --- [restartedMain] pertySourcedRequestMappingHandlerMapping : Mapped URL path [/v2/api-docs] onto method [springfox.documentation.swagger2.web.Swagger2Controller#getDocumentation(String, HttpServletRequest)]
2022-11-15 12:11:22.935  INFO 11172 --- [restartedMain] o.s.b.d.a.OptionalLiveReloadServer       : LiveReload server is running on port 35729
2022-11-15 12:11:24.268  INFO 11172 --- [restartedMain] o.s.b.w.embedded.tomcat.TomcatWebServer  : Tomcat started on port(s): 8080 (http) with context path ''
2022-11-15 12:11:24.270  INFO 11172 --- [restartedMain] d.s.w.p.DocumentationPluginsBootstrapper : Context refreshed
2022-11-15 12:11:24.297  INFO 11172 --- [restartedMain] d.s.w.p.DocumentationPluginsBootstrapper : Found 1 custom documentation plugin(s)
2022-11-15 12:11:24.355  INFO 11172 --- [restartedMain] s.d.s.w.s.ApiListingReferenceScanner     : Scanning for api listing references
2022-11-15 12:11:24.536  INFO 11172 --- [restartedMain] .d.s.w.r.o.CachingOperationNameGenerator : Generating unique operation named: addUsingPOST_1
2022-11-15 12:11:24.540  INFO 11172 --- [restartedMain] .d.s.w.r.o.CachingOperationNameGenerator : Generating unique operation named: getUsingGET_1
2022-11-15 12:11:24.544  INFO 11172 --- [restartedMain] .d.s.w.r.o.CachingOperationNameGenerator : Generating unique operation named: getAllUsingGET_1
2022-11-15 12:11:24.555  INFO 11172 --- [restartedMain] .d.s.w.r.o.CachingOperationNameGenerator : Generating unique operation named: removeUsingDELETE_1
2022-11-15 12:11:24.585  INFO 11172 --- [restartedMain] com.student.ust.UstApplication           : Started UstApplication in 9.869 seconds (JVM running for 10.844)
2022-11-15 12:12:01.177  INFO 11172 --- [SpringApplicationShutdownHook] j.LocalContainerEntityManagerFactoryBean : Closing JPA EntityManagerFactory for persistence unit 'default'
2022-11-15 12:12:01.184  INFO 11172 --- [SpringApplicationShutdownHook] com.zaxxer.hikari.HikariDataSource       : HikariPool-1 - Shutdown initiated...
2022-11-15 12:12:01.198  INFO 11172 --- [SpringApplicationShutdownHook] com.zaxxer.hikari.HikariDataSource       : HikariPool-1 - Shutdown completed.
2022-11-15 12:12:05.890  INFO 16144 --- [restartedMain] com.student.ust.UstApplication           : Starting UstApplication using Java 1.8.0_241 on ustfsd43 with PID 16144 (C:\Users\ustjavafsdb206\Ust_Test\ust\target\classes started by ustjavafsdb206 in C:\Users\ustjavafsdb206\Ust_Test\ust)
2022-11-15 12:12:05.891 DEBUG 16144 --- [restartedMain] com.student.ust.UstApplication           : Running with Spring Boot v2.7.5, Spring v5.3.23
2022-11-15 12:12:05.892  INFO 16144 --- [restartedMain] com.student.ust.UstApplication           : The following 1 profile is active: "dev"
2022-11-15 12:12:05.964  INFO 16144 --- [restartedMain] .e.DevToolsPropertyDefaultsPostProcessor : Devtools property defaults active! Set 'spring.devtools.add-properties' to 'false' to disable
2022-11-15 12:12:05.965  INFO 16144 --- [restartedMain] .e.DevToolsPropertyDefaultsPostProcessor : For additional web related logging consider setting the 'logging.level.web' property to 'DEBUG'
2022-11-15 12:12:07.409  INFO 16144 --- [restartedMain] .s.d.r.c.RepositoryConfigurationDelegate : Bootstrapping Spring Data JPA repositories in DEFAULT mode.
2022-11-15 12:12:07.493  INFO 16144 --- [restartedMain] .s.d.r.c.RepositoryConfigurationDelegate : Finished Spring Data repository scanning in 70 ms. Found 2 JPA repository interfaces.
2022-11-15 12:12:08.687  INFO 16144 --- [restartedMain] o.s.b.w.embedded.tomcat.TomcatWebServer  : Tomcat initialized with port(s): 8080 (http)
2022-11-15 12:12:08.707  INFO 16144 --- [restartedMain] o.apache.catalina.core.StandardService   : Starting service [Tomcat]
2022-11-15 12:12:08.707  INFO 16144 --- [restartedMain] org.apache.catalina.core.StandardEngine  : Starting Servlet engine: [Apache Tomcat/9.0.68]
2022-11-15 12:12:08.938  INFO 16144 --- [restartedMain] o.a.c.c.C.[Tomcat].[localhost].[/]       : Initializing Spring embedded WebApplicationContext
2022-11-15 12:12:08.938  INFO 16144 --- [restartedMain] w.s.c.ServletWebServerApplicationContext : Root WebApplicationContext: initialization completed in 2972 ms
2022-11-15 12:12:09.332  INFO 16144 --- [restartedMain] o.hibernate.jpa.internal.util.LogHelper  : HHH000204: Processing PersistenceUnitInfo [name: default]
2022-11-15 12:12:09.421  INFO 16144 --- [restartedMain] org.hibernate.Version                    : HHH000412: Hibernate ORM core version 5.6.12.Final
2022-11-15 12:12:09.731  INFO 16144 --- [restartedMain] o.hibernate.annotations.common.Version   : HCANN000001: Hibernate Commons Annotations {5.1.2.Final}
2022-11-15 12:12:09.884  INFO 16144 --- [restartedMain] com.zaxxer.hikari.HikariDataSource       : HikariPool-1 - Starting...
2022-11-15 12:12:10.556  INFO 16144 --- [restartedMain] com.zaxxer.hikari.HikariDataSource       : HikariPool-1 - Start completed.
2022-11-15 12:12:10.591  INFO 16144 --- [restartedMain] org.hibernate.dialect.Dialect            : HHH000400: Using dialect: org.hibernate.dialect.MySQL55Dialect
2022-11-15 12:12:11.754 DEBUG 16144 --- [restartedMain] org.hibernate.SQL                        : alter table book_mappedby add constraint FKb3fuv8kxhh1hangv9vrwhogh5 foreign key (student_id) references student_mappedby (studentid)
2022-11-15 12:12:11.808  INFO 16144 --- [restartedMain] o.h.e.t.j.p.i.JtaPlatformInitiator       : HHH000490: Using JtaPlatform implementation: [org.hibernate.engine.transaction.jta.platform.internal.NoJtaPlatform]
2022-11-15 12:12:11.820  INFO 16144 --- [restartedMain] j.LocalContainerEntityManagerFactoryBean : Initialized JPA EntityManagerFactory for persistence unit 'default'
2022-11-15 12:12:13.022  WARN 16144 --- [restartedMain] JpaBaseConfiguration$JpaWebConfiguration : spring.jpa.open-in-view is enabled by default. Therefore, database queries may be performed during view rendering. Explicitly configure spring.jpa.open-in-view to disable this warning
2022-11-15 12:12:13.233  INFO 16144 --- [restartedMain] pertySourcedRequestMappingHandlerMapping : Mapped URL path [/v2/api-docs] onto method [springfox.documentation.swagger2.web.Swagger2Controller#getDocumentation(String, HttpServletRequest)]
2022-11-15 12:12:13.408  INFO 16144 --- [restartedMain] o.s.b.d.a.OptionalLiveReloadServer       : LiveReload server is running on port 35729
2022-11-15 12:12:14.764  INFO 16144 --- [restartedMain] o.s.b.w.embedded.tomcat.TomcatWebServer  : Tomcat started on port(s): 8080 (http) with context path ''
2022-11-15 12:12:14.765  INFO 16144 --- [restartedMain] d.s.w.p.DocumentationPluginsBootstrapper : Context refreshed
2022-11-15 12:12:14.797  INFO 16144 --- [restartedMain] d.s.w.p.DocumentationPluginsBootstrapper : Found 1 custom documentation plugin(s)
2022-11-15 12:12:14.865  INFO 16144 --- [restartedMain] s.d.s.w.s.ApiListingReferenceScanner     : Scanning for api listing references
2022-11-15 12:12:15.044  INFO 16144 --- [restartedMain] .d.s.w.r.o.CachingOperationNameGenerator : Generating unique operation named: addUsingPOST_1
2022-11-15 12:12:15.048  INFO 16144 --- [restartedMain] .d.s.w.r.o.CachingOperationNameGenerator : Generating unique operation named: getUsingGET_1
2022-11-15 12:12:15.053  INFO 16144 --- [restartedMain] .d.s.w.r.o.CachingOperationNameGenerator : Generating unique operation named: getAllUsingGET_1
2022-11-15 12:12:15.062  INFO 16144 --- [restartedMain] .d.s.w.r.o.CachingOperationNameGenerator : Generating unique operation named: removeUsingDELETE_1
2022-11-15 12:12:15.098  INFO 16144 --- [restartedMain] com.student.ust.UstApplication           : Started UstApplication in 9.86 seconds (JVM running for 10.859)
2022-11-15 12:13:11.804  INFO 16144 --- [http-nio-8080-exec-2] o.a.c.c.C.[Tomcat].[localhost].[/]       : Initializing Spring DispatcherServlet 'dispatcherServlet'
2022-11-15 12:13:11.805  INFO 16144 --- [http-nio-8080-exec-2] o.s.web.servlet.DispatcherServlet        : Initializing Servlet 'dispatcherServlet'
2022-11-15 12:13:11.808  INFO 16144 --- [http-nio-8080-exec-2] o.s.web.servlet.DispatcherServlet        : Completed initialization in 3 ms
2022-11-15 12:13:12.117 DEBUG 16144 --- [http-nio-8080-exec-2] org.hibernate.SQL                        : select student0_.studentid as studenti1_1_, student0_.age as age2_1_, student0_.create_date as create_d3_1_, student0_.email as email4_1_, student0_.modify_date as modify_d5_1_, student0_.name as name6_1_, student0_.password as password7_1_, student0_.roll_no as roll_no8_1_ from student_mappedby student0_
2022-11-15 12:13:12.151 TRACE 16144 --- [http-nio-8080-exec-2] o.h.type.descriptor.sql.BasicExtractor   : extracted value ([studenti1_1_] : [INTEGER]) - [1]
2022-11-15 12:13:12.160 TRACE 16144 --- [http-nio-8080-exec-2] o.h.type.descriptor.sql.BasicExtractor   : extracted value ([age2_1_] : [INTEGER]) - [26]
2022-11-15 12:13:12.162 TRACE 16144 --- [http-nio-8080-exec-2] o.h.type.descriptor.sql.BasicExtractor   : extracted value ([create_d3_1_] : [TIMESTAMP]) - [2022-11-14T18:13:03]
2022-11-15 12:13:12.163 TRACE 16144 --- [http-nio-8080-exec-2] o.h.type.descriptor.sql.BasicExtractor   : extracted value ([email4_1_] : [VARCHAR]) - [Jibin2@gmail.com]
2022-11-15 12:13:12.163 TRACE 16144 --- [http-nio-8080-exec-2] o.h.type.descriptor.sql.BasicExtractor   : extracted value ([modify_d5_1_] : [TIMESTAMP]) - [2022-11-14T18:13:03]
2022-11-15 12:13:12.163 TRACE 16144 --- [http-nio-8080-exec-2] o.h.type.descriptor.sql.BasicExtractor   : extracted value ([name6_1_] : [VARCHAR]) - [Jibin]
2022-11-15 12:13:12.164 TRACE 16144 --- [http-nio-8080-exec-2] o.h.type.descriptor.sql.BasicExtractor   : extracted value ([password7_1_] : [VARCHAR]) - [7e66a5204d1056b3f133819de213ef3035761a573ef305922d3fbba83781976a]
2022-11-15 12:13:12.164 TRACE 16144 --- [http-nio-8080-exec-2] o.h.type.descriptor.sql.BasicExtractor   : extracted value ([roll_no8_1_] : [INTEGER]) - [212467]
2022-11-15 12:13:12.275 DEBUG 16144 --- [http-nio-8080-exec-2] org.hibernate.SQL                        : select bookset0_.student_id as student_7_0_0_, bookset0_.bookid as bookid1_0_0_, bookset0_.bookid as bookid1_0_1_, bookset0_.book_author_name as book_aut2_0_1_, bookset0_.book_isbn_no as book_isb3_0_1_, bookset0_.book_name as book_nam4_0_1_, bookset0_.create_date as create_d5_0_1_, bookset0_.modify_date as modify_d6_0_1_, bookset0_.student_id as student_7_0_1_ from book_mappedby bookset0_ where bookset0_.student_id=?
2022-11-15 12:13:12.276 TRACE 16144 --- [http-nio-8080-exec-2] o.h.type.descriptor.sql.BasicBinder      : binding parameter [1] as [INTEGER] - [1]
2022-11-15 12:36:26.624  INFO 16144 --- [SpringApplicationShutdownHook] j.LocalContainerEntityManagerFactoryBean : Closing JPA EntityManagerFactory for persistence unit 'default'
2022-11-15 12:36:26.631  INFO 16144 --- [SpringApplicationShutdownHook] com.zaxxer.hikari.HikariDataSource       : HikariPool-1 - Shutdown initiated...
2022-11-15 12:36:26.646  INFO 16144 --- [SpringApplicationShutdownHook] com.zaxxer.hikari.HikariDataSource       : HikariPool-1 - Shutdown completed.
2022-11-15 12:36:35.388  INFO 2772 --- [restartedMain] com.student.ust.UstApplication           : Starting UstApplication using Java 1.8.0_241 on ustfsd43 with PID 2772 (C:\Users\ustjavafsdb206\Ust_Test\ust\target\classes started by ustjavafsdb206 in C:\Users\ustjavafsdb206\Ust_Test\ust)
2022-11-15 12:36:35.390 DEBUG 2772 --- [restartedMain] com.student.ust.UstApplication           : Running with Spring Boot v2.7.5, Spring v5.3.23
2022-11-15 12:36:35.390  INFO 2772 --- [restartedMain] com.student.ust.UstApplication           : The following 1 profile is active: "dev"
2022-11-15 12:36:35.466  INFO 2772 --- [restartedMain] .e.DevToolsPropertyDefaultsPostProcessor : Devtools property defaults active! Set 'spring.devtools.add-properties' to 'false' to disable
2022-11-15 12:36:35.467  INFO 2772 --- [restartedMain] .e.DevToolsPropertyDefaultsPostProcessor : For additional web related logging consider setting the 'logging.level.web' property to 'DEBUG'
2022-11-15 12:36:36.965  INFO 2772 --- [restartedMain] .s.d.r.c.RepositoryConfigurationDelegate : Bootstrapping Spring Data JPA repositories in DEFAULT mode.
2022-11-15 12:36:37.060  INFO 2772 --- [restartedMain] .s.d.r.c.RepositoryConfigurationDelegate : Finished Spring Data repository scanning in 81 ms. Found 2 JPA repository interfaces.
2022-11-15 12:36:38.302  INFO 2772 --- [restartedMain] o.s.b.w.embedded.tomcat.TomcatWebServer  : Tomcat initialized with port(s): 8080 (http)
2022-11-15 12:36:38.318  INFO 2772 --- [restartedMain] o.apache.catalina.core.StandardService   : Starting service [Tomcat]
2022-11-15 12:36:38.318  INFO 2772 --- [restartedMain] org.apache.catalina.core.StandardEngine  : Starting Servlet engine: [Apache Tomcat/9.0.68]
2022-11-15 12:36:38.540  INFO 2772 --- [restartedMain] o.a.c.c.C.[Tomcat].[localhost].[/]       : Initializing Spring embedded WebApplicationContext
2022-11-15 12:36:38.541  INFO 2772 --- [restartedMain] w.s.c.ServletWebServerApplicationContext : Root WebApplicationContext: initialization completed in 3073 ms
2022-11-15 12:36:38.970  INFO 2772 --- [restartedMain] o.hibernate.jpa.internal.util.LogHelper  : HHH000204: Processing PersistenceUnitInfo [name: default]
2022-11-15 12:36:39.057  INFO 2772 --- [restartedMain] org.hibernate.Version                    : HHH000412: Hibernate ORM core version 5.6.12.Final
2022-11-15 12:36:39.355  INFO 2772 --- [restartedMain] o.hibernate.annotations.common.Version   : HCANN000001: Hibernate Commons Annotations {5.1.2.Final}
2022-11-15 12:36:39.536  INFO 2772 --- [restartedMain] com.zaxxer.hikari.HikariDataSource       : HikariPool-1 - Starting...
2022-11-15 12:36:40.258  INFO 2772 --- [restartedMain] com.zaxxer.hikari.HikariDataSource       : HikariPool-1 - Start completed.
2022-11-15 12:36:40.295  INFO 2772 --- [restartedMain] org.hibernate.dialect.Dialect            : HHH000400: Using dialect: org.hibernate.dialect.MySQL55Dialect
2022-11-15 12:36:41.470 DEBUG 2772 --- [restartedMain] org.hibernate.SQL                        : alter table book_mappedby add constraint FKb3fuv8kxhh1hangv9vrwhogh5 foreign key (student_id) references student_mappedby (studentid)
2022-11-15 12:36:41.512  INFO 2772 --- [restartedMain] o.h.e.t.j.p.i.JtaPlatformInitiator       : HHH000490: Using JtaPlatform implementation: [org.hibernate.engine.transaction.jta.platform.internal.NoJtaPlatform]
2022-11-15 12:36:41.525  INFO 2772 --- [restartedMain] j.LocalContainerEntityManagerFactoryBean : Initialized JPA EntityManagerFactory for persistence unit 'default'
2022-11-15 12:36:42.818  WARN 2772 --- [restartedMain] JpaBaseConfiguration$JpaWebConfiguration : spring.jpa.open-in-view is enabled by default. Therefore, database queries may be performed during view rendering. Explicitly configure spring.jpa.open-in-view to disable this warning
2022-11-15 12:36:43.052  INFO 2772 --- [restartedMain] pertySourcedRequestMappingHandlerMapping : Mapped URL path [/v2/api-docs] onto method [springfox.documentation.swagger2.web.Swagger2Controller#getDocumentation(String, HttpServletRequest)]
2022-11-15 12:36:43.221  INFO 2772 --- [restartedMain] o.s.b.d.a.OptionalLiveReloadServer       : LiveReload server is running on port 35729
2022-11-15 12:36:44.512  INFO 2772 --- [restartedMain] o.s.b.w.embedded.tomcat.TomcatWebServer  : Tomcat started on port(s): 8080 (http) with context path ''
2022-11-15 12:36:44.513  INFO 2772 --- [restartedMain] d.s.w.p.DocumentationPluginsBootstrapper : Context refreshed
2022-11-15 12:36:44.539  INFO 2772 --- [restartedMain] d.s.w.p.DocumentationPluginsBootstrapper : Found 1 custom documentation plugin(s)
2022-11-15 12:36:44.609  INFO 2772 --- [restartedMain] s.d.s.w.s.ApiListingReferenceScanner     : Scanning for api listing references
2022-11-15 12:36:44.776  INFO 2772 --- [restartedMain] .d.s.w.r.o.CachingOperationNameGenerator : Generating unique operation named: addUsingPOST_1
2022-11-15 12:36:44.779  INFO 2772 --- [restartedMain] .d.s.w.r.o.CachingOperationNameGenerator : Generating unique operation named: getUsingGET_1
2022-11-15 12:36:44.783  INFO 2772 --- [restartedMain] .d.s.w.r.o.CachingOperationNameGenerator : Generating unique operation named: getAllUsingGET_1
2022-11-15 12:36:44.791  INFO 2772 --- [restartedMain] .d.s.w.r.o.CachingOperationNameGenerator : Generating unique operation named: removeUsingDELETE_1
2022-11-15 12:36:44.821  INFO 2772 --- [restartedMain] com.student.ust.UstApplication           : Started UstApplication in 10.049 seconds (JVM running for 11.024)
2022-11-15 12:37:02.801  INFO 2772 --- [http-nio-8080-exec-2] o.a.c.c.C.[Tomcat].[localhost].[/]       : Initializing Spring DispatcherServlet 'dispatcherServlet'
2022-11-15 12:37:02.802  INFO 2772 --- [http-nio-8080-exec-2] o.s.web.servlet.DispatcherServlet        : Initializing Servlet 'dispatcherServlet'
2022-11-15 12:37:02.803  INFO 2772 --- [http-nio-8080-exec-2] o.s.web.servlet.DispatcherServlet        : Completed initialization in 1 ms
2022-11-15 12:37:03.083 DEBUG 2772 --- [http-nio-8080-exec-2] org.hibernate.SQL                        : select student0_.studentid as studenti1_1_, student0_.age as age2_1_, student0_.create_date as create_d3_1_, student0_.email as email4_1_, student0_.modify_date as modify_d5_1_, student0_.name as name6_1_, student0_.password as password7_1_, student0_.roll_no as roll_no8_1_ from student_mappedby student0_
2022-11-15 12:37:03.107 TRACE 2772 --- [http-nio-8080-exec-2] o.h.type.descriptor.sql.BasicExtractor   : extracted value ([studenti1_1_] : [INTEGER]) - [1]
2022-11-15 12:37:03.115 TRACE 2772 --- [http-nio-8080-exec-2] o.h.type.descriptor.sql.BasicExtractor   : extracted value ([age2_1_] : [INTEGER]) - [26]
2022-11-15 12:37:03.117 TRACE 2772 --- [http-nio-8080-exec-2] o.h.type.descriptor.sql.BasicExtractor   : extracted value ([create_d3_1_] : [TIMESTAMP]) - [2022-11-14T18:13:03]
2022-11-15 12:37:03.118 TRACE 2772 --- [http-nio-8080-exec-2] o.h.type.descriptor.sql.BasicExtractor   : extracted value ([email4_1_] : [VARCHAR]) - [Jibin2@gmail.com]
2022-11-15 12:37:03.118 TRACE 2772 --- [http-nio-8080-exec-2] o.h.type.descriptor.sql.BasicExtractor   : extracted value ([modify_d5_1_] : [TIMESTAMP]) - [2022-11-14T18:13:03]
2022-11-15 12:37:03.118 TRACE 2772 --- [http-nio-8080-exec-2] o.h.type.descriptor.sql.BasicExtractor   : extracted value ([name6_1_] : [VARCHAR]) - [Jibin]
2022-11-15 12:37:03.118 TRACE 2772 --- [http-nio-8080-exec-2] o.h.type.descriptor.sql.BasicExtractor   : extracted value ([password7_1_] : [VARCHAR]) - [7e66a5204d1056b3f133819de213ef3035761a573ef305922d3fbba83781976a]
2022-11-15 12:37:03.118 TRACE 2772 --- [http-nio-8080-exec-2] o.h.type.descriptor.sql.BasicExtractor   : extracted value ([roll_no8_1_] : [INTEGER]) - [212467]
2022-11-15 12:37:03.226 DEBUG 2772 --- [http-nio-8080-exec-2] org.hibernate.SQL                        : select bookset0_.student_id as student_7_0_0_, bookset0_.bookid as bookid1_0_0_, bookset0_.bookid as bookid1_0_1_, bookset0_.book_author_name as book_aut2_0_1_, bookset0_.book_isbn_no as book_isb3_0_1_, bookset0_.book_name as book_nam4_0_1_, bookset0_.create_date as create_d5_0_1_, bookset0_.modify_date as modify_d6_0_1_, bookset0_.student_id as student_7_0_1_ from book_mappedby bookset0_ where bookset0_.student_id=?
2022-11-15 12:37:03.227 TRACE 2772 --- [http-nio-8080-exec-2] o.h.type.descriptor.sql.BasicBinder      : binding parameter [1] as [INTEGER] - [1]
2022-11-15 12:38:36.140  INFO 2772 --- [SpringApplicationShutdownHook] j.LocalContainerEntityManagerFactoryBean : Closing JPA EntityManagerFactory for persistence unit 'default'
2022-11-15 12:38:36.149  INFO 2772 --- [SpringApplicationShutdownHook] com.zaxxer.hikari.HikariDataSource       : HikariPool-1 - Shutdown initiated...
2022-11-15 12:38:36.166  INFO 2772 --- [SpringApplicationShutdownHook] com.zaxxer.hikari.HikariDataSource       : HikariPool-1 - Shutdown completed.
2022-11-15 12:38:44.525  INFO 11632 --- [restartedMain] com.student.ust.UstApplication           : Starting UstApplication using Java 1.8.0_241 on ustfsd43 with PID 11632 (C:\Users\ustjavafsdb206\Ust_Test\ust\target\classes started by ustjavafsdb206 in C:\Users\ustjavafsdb206\Ust_Test\ust)
2022-11-15 12:38:44.526 DEBUG 11632 --- [restartedMain] com.student.ust.UstApplication           : Running with Spring Boot v2.7.5, Spring v5.3.23
2022-11-15 12:38:44.527  INFO 11632 --- [restartedMain] com.student.ust.UstApplication           : The following 1 profile is active: "dev"
2022-11-15 12:38:44.599  INFO 11632 --- [restartedMain] .e.DevToolsPropertyDefaultsPostProcessor : Devtools property defaults active! Set 'spring.devtools.add-properties' to 'false' to disable
2022-11-15 12:38:44.599  INFO 11632 --- [restartedMain] .e.DevToolsPropertyDefaultsPostProcessor : For additional web related logging consider setting the 'logging.level.web' property to 'DEBUG'
2022-11-15 12:38:45.992  INFO 11632 --- [restartedMain] .s.d.r.c.RepositoryConfigurationDelegate : Bootstrapping Spring Data JPA repositories in DEFAULT mode.
2022-11-15 12:38:46.075  INFO 11632 --- [restartedMain] .s.d.r.c.RepositoryConfigurationDelegate : Finished Spring Data repository scanning in 69 ms. Found 2 JPA repository interfaces.
2022-11-15 12:38:47.305  INFO 11632 --- [restartedMain] o.s.b.w.embedded.tomcat.TomcatWebServer  : Tomcat initialized with port(s): 8080 (http)
2022-11-15 12:38:47.322  INFO 11632 --- [restartedMain] o.apache.catalina.core.StandardService   : Starting service [Tomcat]
2022-11-15 12:38:47.322  INFO 11632 --- [restartedMain] org.apache.catalina.core.StandardEngine  : Starting Servlet engine: [Apache Tomcat/9.0.68]
2022-11-15 12:38:47.516  INFO 11632 --- [restartedMain] o.a.c.c.C.[Tomcat].[localhost].[/]       : Initializing Spring embedded WebApplicationContext
2022-11-15 12:38:47.517  INFO 11632 --- [restartedMain] w.s.c.ServletWebServerApplicationContext : Root WebApplicationContext: initialization completed in 2917 ms
2022-11-15 12:38:47.870  INFO 11632 --- [restartedMain] o.hibernate.jpa.internal.util.LogHelper  : HHH000204: Processing PersistenceUnitInfo [name: default]
2022-11-15 12:38:47.959  INFO 11632 --- [restartedMain] org.hibernate.Version                    : HHH000412: Hibernate ORM core version 5.6.12.Final
2022-11-15 12:38:48.239  INFO 11632 --- [restartedMain] o.hibernate.annotations.common.Version   : HCANN000001: Hibernate Commons Annotations {5.1.2.Final}
2022-11-15 12:38:48.424  INFO 11632 --- [restartedMain] com.zaxxer.hikari.HikariDataSource       : HikariPool-1 - Starting...
2022-11-15 12:38:49.095  INFO 11632 --- [restartedMain] com.zaxxer.hikari.HikariDataSource       : HikariPool-1 - Start completed.
2022-11-15 12:38:49.129  INFO 11632 --- [restartedMain] org.hibernate.dialect.Dialect            : HHH000400: Using dialect: org.hibernate.dialect.MySQL55Dialect
2022-11-15 12:38:50.478 DEBUG 11632 --- [restartedMain] org.hibernate.SQL                        : alter table book_mappedby add constraint FKb3fuv8kxhh1hangv9vrwhogh5 foreign key (student_id) references student_mappedby (studentid)
2022-11-15 12:38:50.526  INFO 11632 --- [restartedMain] o.h.e.t.j.p.i.JtaPlatformInitiator       : HHH000490: Using JtaPlatform implementation: [org.hibernate.engine.transaction.jta.platform.internal.NoJtaPlatform]
2022-11-15 12:38:50.541  INFO 11632 --- [restartedMain] j.LocalContainerEntityManagerFactoryBean : Initialized JPA EntityManagerFactory for persistence unit 'default'
2022-11-15 12:38:51.811  WARN 11632 --- [restartedMain] JpaBaseConfiguration$JpaWebConfiguration : spring.jpa.open-in-view is enabled by default. Therefore, database queries may be performed during view rendering. Explicitly configure spring.jpa.open-in-view to disable this warning
2022-11-15 12:38:52.107  INFO 11632 --- [restartedMain] pertySourcedRequestMappingHandlerMapping : Mapped URL path [/v2/api-docs] onto method [springfox.documentation.swagger2.web.Swagger2Controller#getDocumentation(String, HttpServletRequest)]
2022-11-15 12:38:52.318  INFO 11632 --- [restartedMain] o.s.b.d.a.OptionalLiveReloadServer       : LiveReload server is running on port 35729
2022-11-15 12:38:53.715  INFO 11632 --- [restartedMain] o.s.b.w.embedded.tomcat.TomcatWebServer  : Tomcat started on port(s): 8080 (http) with context path ''
2022-11-15 12:38:53.719  INFO 11632 --- [restartedMain] d.s.w.p.DocumentationPluginsBootstrapper : Context refreshed
2022-11-15 12:38:53.750  INFO 11632 --- [restartedMain] d.s.w.p.DocumentationPluginsBootstrapper : Found 1 custom documentation plugin(s)
2022-11-15 12:38:53.809  INFO 11632 --- [restartedMain] s.d.s.w.s.ApiListingReferenceScanner     : Scanning for api listing references
2022-11-15 12:38:53.996  INFO 11632 --- [restartedMain] .d.s.w.r.o.CachingOperationNameGenerator : Generating unique operation named: addUsingPOST_1
2022-11-15 12:38:54.003  INFO 11632 --- [restartedMain] .d.s.w.r.o.CachingOperationNameGenerator : Generating unique operation named: getUsingGET_1
2022-11-15 12:38:54.006  INFO 11632 --- [restartedMain] .d.s.w.r.o.CachingOperationNameGenerator : Generating unique operation named: getAllUsingGET_1
2022-11-15 12:38:54.015  INFO 11632 --- [restartedMain] .d.s.w.r.o.CachingOperationNameGenerator : Generating unique operation named: removeUsingDELETE_1
2022-11-15 12:38:54.042  INFO 11632 --- [restartedMain] com.student.ust.UstApplication           : Started UstApplication in 10.122 seconds (JVM running for 11.144)
2022-11-15 12:39:20.618  INFO 11632 --- [http-nio-8080-exec-2] o.a.c.c.C.[Tomcat].[localhost].[/]       : Initializing Spring DispatcherServlet 'dispatcherServlet'
2022-11-15 12:39:20.619  INFO 11632 --- [http-nio-8080-exec-2] o.s.web.servlet.DispatcherServlet        : Initializing Servlet 'dispatcherServlet'
2022-11-15 12:39:20.624  INFO 11632 --- [http-nio-8080-exec-2] o.s.web.servlet.DispatcherServlet        : Completed initialization in 4 ms
2022-11-15 12:39:20.897 DEBUG 11632 --- [http-nio-8080-exec-2] org.hibernate.SQL                        : select student0_.studentid as studenti1_1_, student0_.age as age2_1_, student0_.create_date as create_d3_1_, student0_.email as email4_1_, student0_.modify_date as modify_d5_1_, student0_.name as name6_1_, student0_.password as password7_1_, student0_.roll_no as roll_no8_1_ from student_mappedby student0_
2022-11-15 12:39:20.912 TRACE 11632 --- [http-nio-8080-exec-2] o.h.type.descriptor.sql.BasicExtractor   : extracted value ([studenti1_1_] : [INTEGER]) - [1]
2022-11-15 12:39:20.920 TRACE 11632 --- [http-nio-8080-exec-2] o.h.type.descriptor.sql.BasicExtractor   : extracted value ([age2_1_] : [INTEGER]) - [26]
2022-11-15 12:39:20.921 TRACE 11632 --- [http-nio-8080-exec-2] o.h.type.descriptor.sql.BasicExtractor   : extracted value ([create_d3_1_] : [TIMESTAMP]) - [2022-11-14T18:13:03]
2022-11-15 12:39:20.922 TRACE 11632 --- [http-nio-8080-exec-2] o.h.type.descriptor.sql.BasicExtractor   : extracted value ([email4_1_] : [VARCHAR]) - [Jibin2@gmail.com]
2022-11-15 12:39:20.923 TRACE 11632 --- [http-nio-8080-exec-2] o.h.type.descriptor.sql.BasicExtractor   : extracted value ([modify_d5_1_] : [TIMESTAMP]) - [2022-11-14T18:13:03]
2022-11-15 12:39:20.923 TRACE 11632 --- [http-nio-8080-exec-2] o.h.type.descriptor.sql.BasicExtractor   : extracted value ([name6_1_] : [VARCHAR]) - [Jibin]
2022-11-15 12:39:20.924 TRACE 11632 --- [http-nio-8080-exec-2] o.h.type.descriptor.sql.BasicExtractor   : extracted value ([password7_1_] : [VARCHAR]) - [7e66a5204d1056b3f133819de213ef3035761a573ef305922d3fbba83781976a]
2022-11-15 12:39:20.924 TRACE 11632 --- [http-nio-8080-exec-2] o.h.type.descriptor.sql.BasicExtractor   : extracted value ([roll_no8_1_] : [INTEGER]) - [212467]
2022-11-15 12:39:21.039 DEBUG 11632 --- [http-nio-8080-exec-2] org.hibernate.SQL                        : select bookset0_.student_id as student_7_0_0_, bookset0_.bookid as bookid1_0_0_, bookset0_.bookid as bookid1_0_1_, bookset0_.book_author_name as book_aut2_0_1_, bookset0_.book_isbn_no as book_isb3_0_1_, bookset0_.book_name as book_nam4_0_1_, bookset0_.create_date as create_d5_0_1_, bookset0_.modify_date as modify_d6_0_1_, bookset0_.student_id as student_7_0_1_ from book_mappedby bookset0_ where bookset0_.student_id=?
2022-11-15 12:39:21.040 TRACE 11632 --- [http-nio-8080-exec-2] o.h.type.descriptor.sql.BasicBinder      : binding parameter [1] as [INTEGER] - [1]
2022-11-15 12:39:32.084 DEBUG 11632 --- [http-nio-8080-exec-3] org.hibernate.SQL                        : select student0_.studentid as studenti1_1_0_, student0_.age as age2_1_0_, student0_.create_date as create_d3_1_0_, student0_.email as email4_1_0_, student0_.modify_date as modify_d5_1_0_, student0_.name as name6_1_0_, student0_.password as password7_1_0_, student0_.roll_no as roll_no8_1_0_ from student_mappedby student0_ where student0_.studentid=?
2022-11-15 12:39:32.085 TRACE 11632 --- [http-nio-8080-exec-3] o.h.type.descriptor.sql.BasicBinder      : binding parameter [1] as [INTEGER] - [1]
2022-11-15 12:39:32.089 TRACE 11632 --- [http-nio-8080-exec-3] o.h.type.descriptor.sql.BasicExtractor   : extracted value ([age2_1_0_] : [INTEGER]) - [26]
2022-11-15 12:39:32.090 TRACE 11632 --- [http-nio-8080-exec-3] o.h.type.descriptor.sql.BasicExtractor   : extracted value ([create_d3_1_0_] : [TIMESTAMP]) - [2022-11-14T18:13:03]
2022-11-15 12:39:32.090 TRACE 11632 --- [http-nio-8080-exec-3] o.h.type.descriptor.sql.BasicExtractor   : extracted value ([email4_1_0_] : [VARCHAR]) - [Jibin2@gmail.com]
2022-11-15 12:39:32.091 TRACE 11632 --- [http-nio-8080-exec-3] o.h.type.descriptor.sql.BasicExtractor   : extracted value ([modify_d5_1_0_] : [TIMESTAMP]) - [2022-11-14T18:13:03]
2022-11-15 12:39:32.091 TRACE 11632 --- [http-nio-8080-exec-3] o.h.type.descriptor.sql.BasicExtractor   : extracted value ([name6_1_0_] : [VARCHAR]) - [Jibin]
2022-11-15 12:39:32.091 TRACE 11632 --- [http-nio-8080-exec-3] o.h.type.descriptor.sql.BasicExtractor   : extracted value ([password7_1_0_] : [VARCHAR]) - [7e66a5204d1056b3f133819de213ef3035761a573ef305922d3fbba83781976a]
2022-11-15 12:39:32.091 TRACE 11632 --- [http-nio-8080-exec-3] o.h.type.descriptor.sql.BasicExtractor   : extracted value ([roll_no8_1_0_] : [INTEGER]) - [212467]
